<?xml version="1.0" encoding="UTF-8"?>
<!-- Generated by org.testng.reporters.JUnitReportReporter -->
<testsuite hostname="AILT-100416" failures="0" tests="1" name="com_2.Master_Return_Updated.TC_02_Vendor_Master_Release_Supplier" time="18.796" errors="0" timestamp="2024-01-04T12:23:04 IST" skipped="0">
  <testcase classname="com_2.Master_Return_Updated.TC_02_Vendor_Master_Release_Supplier" name="Ordertypr" time="18.796"/>
  <system-out/>
</testsuite> <!-- com_2.Master_Return_Updated.TC_02_Vendor_Master_Release_Supplier -->
