<?xml version="1.0" encoding="UTF-8"?>
<!-- Generated by org.testng.reporters.JUnitReportReporter -->
<testsuite hostname="AILT-100416" failures="0" tests="1" name="com_1.Master_Creation_Updated.TC_07_Customer_Master" time="30.886" errors="0" timestamp="2024-01-04T14:45:26 IST" skipped="0">
  <testcase classname="com_1.Master_Creation_Updated.TC_07_Customer_Master" name="Customer" time="30.886"/>
  <system-out/>
</testsuite> <!-- com_1.Master_Creation_Updated.TC_07_Customer_Master -->
