<?xml version="1.0" encoding="UTF-8"?>
<!-- Generated by org.testng.reporters.JUnitReportReporter -->
<testsuite hostname="AILT-100416" failures="0" tests="1" name="com_4.Master_Release_Updated.TC_06_Product_Requirement_Release" time="17.714" errors="0" timestamp="2024-01-02T17:08:52 IST" skipped="0">
  <testcase classname="com_4.Master_Release_Updated.TC_06_Product_Requirement_Release" name="Ordertypr" time="17.714"/>
  <system-out/>
</testsuite> <!-- com_4.Master_Release_Updated.TC_06_Product_Requirement_Release -->
