<?xml version="1.0" encoding="UTF-8"?>
<!-- Generated by org.testng.reporters.JUnitReportReporter -->
<testsuite hostname="AILT-100416" failures="0" tests="1" name="com_4.Master_Release_Updated.TC_02_Vendor_Master_Release_Manuf" time="9.791" errors="0" timestamp="2023-12-18T17:08:23 IST" skipped="0">
  <testcase classname="com_4.Master_Release_Updated.TC_02_Vendor_Master_Release_Manuf" name="Vendor_Master_Release_Manuf" time="9.791"/>
  <system-out/>
</testsuite> <!-- com_4.Master_Release_Updated.TC_02_Vendor_Master_Release_Manuf -->
