<?xml version="1.0" encoding="UTF-8"?>
<!-- Generated by org.testng.reporters.JUnitReportReporter -->
<testsuite hostname="AILT-100416" failures="0" tests="1" name="com_2.Master_Return_Updated.TC_01_Material_Master_Return" time="39.867" errors="0" timestamp="2024-01-04T10:52:44 IST" skipped="0">
  <testcase classname="com_2.Master_Return_Updated.TC_01_Material_Master_Return" name="Ordertypr" time="39.867"/>
  <system-out/>
</testsuite> <!-- com_2.Master_Return_Updated.TC_01_Material_Master_Return -->
