<?xml version="1.0" encoding="UTF-8"?>
<!-- Generated by org.testng.reporters.JUnitReportReporter -->
<testsuite hostname="AILT-100416" failures="0" tests="1" name="com_1.Master_Creation_Updated.TC_04_Manufacturer_Assignment_01" time="21.441" errors="0" timestamp="2023-12-18T17:15:28 IST" skipped="0">
  <testcase classname="com_1.Master_Creation_Updated.TC_04_Manufacturer_Assignment_01" name="Manufacturer_Assignment" time="21.441"/>
  <system-out/>
</testsuite> <!-- com_1.Master_Creation_Updated.TC_04_Manufacturer_Assignment_01 -->
