<?xml version="1.0" encoding="UTF-8"?>
<!-- Generated by org.testng.reporters.JUnitReportReporter -->
<testsuite hostname="AILT-100416" failures="0" tests="1" name="A_Transaction_ReInitiate.TC_01_Purchase_Order_Entry_ReInitiate" time="22.051" errors="0" timestamp="2024-01-03T12:46:13 IST" skipped="0">
  <testcase classname="A_Transaction_ReInitiate.TC_01_Purchase_Order_Entry_ReInitiate" name="Purchase_Order_Entry" time="22.051"/>
  <system-out/>
</testsuite> <!-- A_Transaction_ReInitiate.TC_01_Purchase_Order_Entry_ReInitiate -->
