<?xml version="1.0" encoding="UTF-8"?>
<!-- Generated by org.testng.reporters.JUnitReportReporter -->
<testsuite hostname="AILT-100416" failures="0" tests="1" name="com_1.Master_Creation_Updated.TC_03_Vendor_Master_Supplier" time="35.469" errors="0" timestamp="2024-01-10T12:18:36 IST" skipped="0">
  <testcase classname="com_1.Master_Creation_Updated.TC_03_Vendor_Master_Supplier" name="Vendor_Master_Supplier" time="35.469"/>
  <system-out/>
</testsuite> <!-- com_1.Master_Creation_Updated.TC_03_Vendor_Master_Supplier -->
