<?xml version="1.0" encoding="UTF-8"?>
<!-- Generated by org.testng.reporters.JUnitReportReporter -->
<testsuite hostname="AILT-100416" failures="0" tests="1" name="com_2.Master_Return_Updated.TC_03_Manufacturer_Assignment_Release" time="14.735" errors="0" timestamp="2023-12-19T15:20:09 IST" skipped="0">
  <testcase classname="com_2.Master_Return_Updated.TC_03_Manufacturer_Assignment_Release" name="Ordertypr" time="14.735"/>
  <system-out/>
</testsuite> <!-- com_2.Master_Return_Updated.TC_03_Manufacturer_Assignment_Release -->
