<?xml version="1.0" encoding="UTF-8"?>
<!-- Generated by org.testng.reporters.JUnitReportReporter -->
<testsuite hostname="AILT-100416" failures="0" tests="1" name="com_2.Master_Return_Updated.TC_04_Supplier_Assignment_Release" time="20.442" errors="0" timestamp="2023-12-19T15:38:44 IST" skipped="0">
  <testcase classname="com_2.Master_Return_Updated.TC_04_Supplier_Assignment_Release" name="Ordertypr" time="20.442"/>
  <system-out/>
</testsuite> <!-- com_2.Master_Return_Updated.TC_04_Supplier_Assignment_Release -->
