<?xml version="1.0" encoding="UTF-8"?>
<!-- Generated by org.testng.reporters.JUnitReportReporter -->
<testsuite hostname="AILT-100416" failures="0" tests="1" name="A_Transactions_Return.TC_07_Batch_Order_Return" time="14.964" errors="0" timestamp="2023-12-27T17:12:10 IST" skipped="0">
  <testcase classname="A_Transactions_Return.TC_07_Batch_Order_Return" name="Ordertypr" time="14.964"/>
  <system-out/>
</testsuite> <!-- A_Transactions_Return.TC_07_Batch_Order_Return -->
