<?xml version="1.0" encoding="UTF-8"?>
<!-- Generated by org.testng.reporters.JUnitReportReporter -->
<testsuite hostname="AILT-100416" failures="0" tests="1" name="com_4.Master_Release_Updated.TC_03_Manufacturer_Assignment_Release" time="48.398" errors="0" timestamp="2023-12-18T17:17:56 IST" skipped="0">
  <testcase classname="com_4.Master_Release_Updated.TC_03_Manufacturer_Assignment_Release" name="Ordertypr" time="48.398"/>
  <system-out/>
</testsuite> <!-- com_4.Master_Release_Updated.TC_03_Manufacturer_Assignment_Release -->
