<?xml version="1.0" encoding="UTF-8"?>
<!-- Generated by org.testng.reporters.JUnitReportReporter -->
<testsuite hostname="AILT-100416" failures="0" tests="1" name="T3_Transaction_ReInitiate.TC_01_Purchase_Order_Entry_ReInitiate" time="21.999" errors="0" timestamp="2024-01-04T15:33:55 IST" skipped="0">
  <testcase classname="T3_Transaction_ReInitiate.TC_01_Purchase_Order_Entry_ReInitiate" name="Purchase_Order_Entry" time="21.999"/>
  <system-out/>
</testsuite> <!-- T3_Transaction_ReInitiate.TC_01_Purchase_Order_Entry_ReInitiate -->
