<?xml version="1.0" encoding="UTF-8"?>
<!-- Generated by org.testng.reporters.JUnitReportReporter -->
<testsuite hostname="AILT-100416" failures="0" tests="1" name="A_Transaction_ReInitiate.TC_07_Batch_Order_ReInitiate" time="54.789" errors="0" timestamp="2023-12-27T17:39:05 IST" skipped="0">
  <testcase classname="A_Transaction_ReInitiate.TC_07_Batch_Order_ReInitiate" name="Bill_Of_Material" time="54.789"/>
  <system-out/>
</testsuite> <!-- A_Transaction_ReInitiate.TC_07_Batch_Order_ReInitiate -->
