<?xml version="1.0" encoding="UTF-8"?>
<!-- Generated by org.testng.reporters.JUnitReportReporter -->
<testsuite hostname="AILT-100416" failures="0" tests="1" name="com_1.Master_Creation_Updated.TC_03_Vendor_Master_Supplier" time="16.535" errors="0" timestamp="2023-12-16T16:50:00 IST" skipped="0">
  <testcase classname="com_1.Master_Creation_Updated.TC_03_Vendor_Master_Supplier" name="Vendor_Master_Supplier" time="16.535"/>
  <system-out/>
</testsuite> <!-- com_1.Master_Creation_Updated.TC_03_Vendor_Master_Supplier -->
