<?xml version="1.0" encoding="UTF-8"?>
<!-- Generated by org.testng.reporters.JUnitReportReporter -->
<testsuite hostname="AILT-100416" failures="0" tests="1" name="T2_Transactions_Return.TC_01_Purchase_Order_Entry_Return" time="27.158" errors="0" timestamp="2024-01-04T15:32:11 IST" skipped="0">
  <testcase classname="T2_Transactions_Return.TC_01_Purchase_Order_Entry_Return" name="Purchase_Order_Entry_Release" time="27.158"/>
  <system-out/>
</testsuite> <!-- T2_Transactions_Return.TC_01_Purchase_Order_Entry_Return -->
