<?xml version="1.0" encoding="UTF-8"?>
<!-- Generated by org.testng.reporters.JUnitReportReporter -->
<testsuite hostname="AILT-100416" failures="0" tests="1" name="T1_Transactions_Positive.TC_02_Good_Recipt_With_PO_Split_1_Containter" time="108.480" errors="0" timestamp="2024-01-10T15:37:38 IST" skipped="0">
  <testcase classname="T1_Transactions_Positive.TC_02_Good_Recipt_With_PO_Split_1_Containter" name="Ordertypr" time="108.480"/>
  <system-out/>
</testsuite> <!-- T1_Transactions_Positive.TC_02_Good_Recipt_With_PO_Split_1_Containter -->
