<?xml version="1.0" encoding="UTF-8"?>
<!-- Generated by org.testng.reporters.JUnitReportReporter -->
<testsuite hostname="AILT-100416" failures="0" tests="1" name="A_Transactions_Return.TC_04_Bill_Of_Material_Return" time="14.129" errors="0" timestamp="2023-12-27T11:48:25 IST" skipped="0">
  <testcase classname="A_Transactions_Return.TC_04_Bill_Of_Material_Return" name="Ordertypr" time="14.129"/>
  <system-out/>
</testsuite> <!-- A_Transactions_Return.TC_04_Bill_Of_Material_Return -->
