<?xml version="1.0" encoding="UTF-8"?>
<!-- Generated by org.testng.reporters.JUnitReportReporter -->
<testsuite hostname="AILT-100416" failures="0" tests="1" name="com_1.Master_Creation_Updated.TC_01_Material_Master_RawMaterial" time="41.932" errors="0" timestamp="2023-12-18T17:05:03 IST" skipped="0">
  <testcase classname="com_1.Master_Creation_Updated.TC_01_Material_Master_RawMaterial" name="Material_Master" time="41.932"/>
  <system-out/>
</testsuite> <!-- com_1.Master_Creation_Updated.TC_01_Material_Master_RawMaterial -->
