<?xml version="1.0" encoding="UTF-8"?>
<!-- Generated by org.testng.reporters.JUnitReportReporter -->
<testsuite hostname="AILT-100416" failures="0" tests="1" name="com_1.Master_Creation_Updated.TC_04_Manufacturer_Assignment" time="38.913" errors="0" timestamp="2024-01-10T15:28:11 IST" skipped="0">
  <testcase classname="com_1.Master_Creation_Updated.TC_04_Manufacturer_Assignment" name="Manufacturer_Assignment" time="38.913"/>
  <system-out/>
</testsuite> <!-- com_1.Master_Creation_Updated.TC_04_Manufacturer_Assignment -->
