<?xml version="1.0" encoding="UTF-8"?>
<!-- Generated by org.testng.reporters.JUnitReportReporter -->
<testsuite hostname="AILT-100416" failures="0" tests="1" name="Transactions_Positive.TC_06_Batch_Order_01_RM_RM_Add" time="96.153" errors="0" timestamp="2024-01-02T17:28:49 IST" skipped="0">
  <testcase classname="Transactions_Positive.TC_06_Batch_Order_01_RM_RM_Add" name="Bill_Of_Material" time="96.153"/>
  <system-out/>
</testsuite> <!-- Transactions_Positive.TC_06_Batch_Order_01_RM_RM_Add -->
