<?xml version="1.0" encoding="UTF-8"?>
<!-- Generated by org.testng.reporters.JUnitReportReporter -->
<testsuite hostname="AILT-100416" failures="0" tests="1" name="com_4.Master_Release_Updated.TC_01_Material_Master_Release" time="12.737" errors="0" timestamp="2023-12-18T17:05:54 IST" skipped="0">
  <testcase classname="com_4.Master_Release_Updated.TC_01_Material_Master_Release" name="Ordertypr" time="12.737"/>
  <system-out/>
</testsuite> <!-- com_4.Master_Release_Updated.TC_01_Material_Master_Release -->
