<?xml version="1.0" encoding="UTF-8"?>
<!-- Generated by org.testng.reporters.JUnitReportReporter -->
<testsuite hostname="AILT-100416" failures="0" tests="1" name="com_1.Master_Creation_Updated.TC_02_Vendor_Master_Manufacturer" time="35.419" errors="0" timestamp="2024-01-10T12:16:59 IST" skipped="0">
  <testcase classname="com_1.Master_Creation_Updated.TC_02_Vendor_Master_Manufacturer" name="Vendor_Master" time="35.419"/>
  <system-out/>
</testsuite> <!-- com_1.Master_Creation_Updated.TC_02_Vendor_Master_Manufacturer -->
