<?xml version="1.0" encoding="UTF-8"?>
<!-- Generated by org.testng.reporters.JUnitReportReporter -->
<testsuite hostname="AILT-100416" failures="0" tests="1" name="Transactions_Release.TC_05_Batch_Order_Release" time="17.132" errors="0" timestamp="2024-01-02T17:32:15 IST" skipped="0">
  <testcase classname="Transactions_Release.TC_05_Batch_Order_Release" name="Ordertypr" time="17.132"/>
  <system-out/>
</testsuite> <!-- Transactions_Release.TC_05_Batch_Order_Release -->
