<?xml version="1.0" encoding="UTF-8"?>
<!-- Generated by org.testng.reporters.JUnitReportReporter -->
<testsuite hostname="AILT-100416" failures="0" tests="1" name="com_2.Master_Return_Updated.TC_03_Manufacturer_Assignment_Return" time="59.094" errors="0" timestamp="2024-01-04T12:40:06 IST" skipped="0">
  <testcase classname="com_2.Master_Return_Updated.TC_03_Manufacturer_Assignment_Return" name="Ordertypr" time="59.094"/>
  <system-out/>
</testsuite> <!-- com_2.Master_Return_Updated.TC_03_Manufacturer_Assignment_Return -->
