<?xml version="1.0" encoding="UTF-8"?>
<!-- Generated by org.testng.reporters.JUnitReportReporter -->
<testsuite hostname="AILT-100416" failures="0" tests="1" name="A_Transactions_Return.TC_02_Good_Recipt_With_PO_Return" time="32.541" errors="0" timestamp="2023-12-28T14:59:10 IST" skipped="0">
  <testcase classname="A_Transactions_Return.TC_02_Good_Recipt_With_PO_Return" name="Ordertypr" time="32.541"/>
  <system-out/>
</testsuite> <!-- A_Transactions_Return.TC_02_Good_Recipt_With_PO_Return -->
