<?xml version="1.0" encoding="UTF-8"?>
<!-- Generated by org.testng.reporters.JUnitReportReporter -->
<testsuite hostname="AILT-100416" failures="0" tests="1" name="Transactions_Positive.TC_04_Quality_Inspection_for_1_Batch" time="22.202" errors="0" timestamp="2023-12-29T17:12:30 IST" skipped="0">
  <testcase classname="Transactions_Positive.TC_04_Quality_Inspection_for_1_Batch" name="Quality_Inspection" time="22.202"/>
  <system-out/>
</testsuite> <!-- Transactions_Positive.TC_04_Quality_Inspection_for_1_Batch -->
