<?xml version="1.0" encoding="UTF-8"?>
<!-- Generated by org.testng.reporters.JUnitReportReporter -->
<testsuite hostname="AILT-100416" failures="0" tests="1" name="Transactions_Positive.TC_01_Purchase_Order_Entry" time="107.911" errors="0" timestamp="2023-12-29T15:23:57 IST" skipped="0">
  <testcase classname="Transactions_Positive.TC_01_Purchase_Order_Entry" name="Purchase_Order_Entry" time="107.911"/>
  <system-out/>
</testsuite> <!-- Transactions_Positive.TC_01_Purchase_Order_Entry -->
