<?xml version="1.0" encoding="UTF-8"?>
<!-- Generated by org.testng.reporters.JUnitReportReporter -->
<testsuite hostname="AILT-100416" failures="0" tests="1" name="com_1.Master_Creation_Updated.TC_06_Product_Requirement_FP" time="32.555" errors="0" timestamp="2023-12-25T16:04:40 IST" skipped="0">
  <testcase classname="com_1.Master_Creation_Updated.TC_06_Product_Requirement_FP" name="Material_Master" time="32.555"/>
  <system-out/>
</testsuite> <!-- com_1.Master_Creation_Updated.TC_06_Product_Requirement_FP -->
