<?xml version="1.0" encoding="UTF-8"?>
<!-- Generated by org.testng.reporters.JUnitReportReporter -->
<testsuite hostname="AILT-100416" failures="0" tests="1" name="com_3.Master_ReInitiate_Updated.TC_04_Manufacturer_Assignment" time="27.906" errors="0" timestamp="2024-01-08T15:45:03 IST" skipped="0">
  <testcase classname="com_3.Master_ReInitiate_Updated.TC_04_Manufacturer_Assignment" name="Ordertypr" time="27.906"/>
  <system-out/>
</testsuite> <!-- com_3.Master_ReInitiate_Updated.TC_04_Manufacturer_Assignment -->
