<?xml version="1.0" encoding="UTF-8"?>
<!-- Generated by org.testng.reporters.JUnitReportReporter -->
<testsuite hostname="AILT-100416" failures="0" tests="1" name="Transactions_Positive.TC_05_Bill_Of_Material_2RawMaterials" time="59.657" errors="0" timestamp="2024-01-02T16:42:06 IST" skipped="0">
  <testcase classname="Transactions_Positive.TC_05_Bill_Of_Material_2RawMaterials" name="Bill_Of_Material" time="59.657"/>
  <system-out/>
</testsuite> <!-- Transactions_Positive.TC_05_Bill_Of_Material_2RawMaterials -->
