<?xml version="1.0" encoding="UTF-8"?>
<!-- Generated by org.testng.reporters.JUnitReportReporter -->
<testsuite hostname="AILT-100286" failures="0" tests="2" name="com_1.Master_Creation_Updated.NetworkConditions" time="96.341" errors="0" timestamp="2023-04-05T19:15:04 IST" skipped="0">
  <testcase classname="com_1.Master_Creation_Updated.NetworkConditions" name="test" time="93.081"/>
  <system-out/>
  <testcase classname="com_1.Master_Creation_Updated.NetworkConditions" name="test" time="3.260"/>
  <system-out/>
</testsuite> <!-- com_1.Master_Creation_Updated.NetworkConditions -->
